{"numFailedTestSuites":0,"numFailedTests":0,"numPassedTestSuites":1,"numPassedTests":12,"numPendingTestSuites":0,"numPendingTests":0,"numRuntimeErrorTestSuites":0,"numTodoTests":0,"numTotalTestSuites":1,"numTotalTests":12,"openHandles":[],"snapshot":{"added":0,"didUpdate":false,"failure":false,"filesAdded":0,"filesRemoved":0,"filesRemovedList":[],"filesUnmatched":0,"filesUpdated":0,"matched":0,"total":0,"unchecked":0,"uncheckedKeysByFile":[],"unmatched":0,"updated":0},"startTime":1621241077093,"success":true,"testResults":[{"assertionResults":[{"ancestorTitles":["Shopping Cart Actions"],"failureMessages":[],"fullName":"Shopping Cart Actions addToCart는 ADD_TO_CART 액션을 생성해야 합니다","location":null,"status":"passed","title":"addToCart는 ADD_TO_CART 액션을 생성해야 합니다"},{"ancestorTitles":["Shopping Cart Actions"],"failureMessages":[],"fullName":"Shopping Cart Actions removeFromCart는 REMOVE_FROM_CART 액션을 생성해야 합니다","location":null,"status":"passed","title":"removeFromCart는 REMOVE_FROM_CART 액션을 생성해야 합니다"},{"ancestorTitles":["Shopping Cart Actions"],"failureMessages":[],"fullName":"Shopping Cart Actions setQuantity는 SET_QUANTITY 액션을 생성해야 합니다","location":null,"status":"passed","title":"setQuantity는 SET_QUANTITY 액션을 생성해야 합니다"},{"ancestorTitles":["Item Reducer"],"failureMessages":[],"fullName":"Item Reducer ADD_TO_CART 액션에 따라 cartItems 상태가 변해야 합니다","location":null,"status":"passed","title":"ADD_TO_CART 액션에 따라 cartItems 상태가 변해야 합니다"},{"ancestorTitles":["Item Reducer"],"failureMessages":[],"fullName":"Item Reducer REMOVE_FROM_CART 액션에 따라 cartItems 상태가 변해야 합니다","location":null,"status":"passed","title":"REMOVE_FROM_CART 액션에 따라 cartItems 상태가 변해야 합니다"},{"ancestorTitles":["Item Reducer"],"failureMessages":[],"fullName":"Item Reducer SET_QUANTITY 액션에 따라 cartItems 상태가 변해야 합니다","location":null,"status":"passed","title":"SET_QUANTITY 액션에 따라 cartItems 상태가 변해야 합니다"},{"ancestorTitles":["Item Reducer"],"failureMessages":[],"fullName":"Item Reducer 리듀서는 다른 상태의 값을 보존해야 합니다","location":null,"status":"passed","title":"리듀서는 다른 상태의 값을 보존해야 합니다"},{"ancestorTitles":["Shopping Pages"],"failureMessages":[],"fullName":"Shopping Pages ShoppingCart에 cartItems가 렌더되어야합니다.","location":null,"status":"passed","title":"ShoppingCart에 cartItems가 렌더되어야합니다."},{"ancestorTitles":["Shopping Pages"],"failureMessages":[],"fullName":"Shopping Pages ADD_TO_CART 액션에 따라 ShoppingCart가 렌더되어야 합니다.","location":null,"status":"passed","title":"ADD_TO_CART 액션에 따라 ShoppingCart가 렌더되어야 합니다."},{"ancestorTitles":["Shopping Pages"],"failureMessages":[],"fullName":"Shopping Pages REMOVE_FROM_CART 액션에 따라 ShoppingCart가 렌더되어야 합니다.","location":null,"status":"passed","title":"REMOVE_FROM_CART 액션에 따라 ShoppingCart가 렌더되어야 합니다."},{"ancestorTitles":["Shopping Pages"],"failureMessages":[],"fullName":"Shopping Pages SET_QUANTITY 액션에 따라 OrderSummary가 렌더되어야 합니다.","location":null,"status":"passed","title":"SET_QUANTITY 액션에 따라 OrderSummary가 렌더되어야 합니다."},{"ancestorTitles":["Shopping Pages"],"failureMessages":[],"fullName":"Shopping Pages Checkbox의 상태에 따라 OrderSummary가 렌더되어야 합니다.","location":null,"status":"passed","title":"Checkbox의 상태에 따라 OrderSummary가 렌더되어야 합니다."}],"endTime":1621241078898,"message":"","name":"/home/yu/바탕화면/CodeStates/im-sprint-cmarket-redux/src/index.test.js","startTime":1621241077698,"status":"passed","summary":""}],"wasInterrupted":false}