{"numFailedTestSuites":0,"numFailedTests":0,"numPassedTestSuites":1,"numPassedTests":7,"numPendingTestSuites":0,"numPendingTests":0,"numRuntimeErrorTestSuites":0,"numTodoTests":0,"numTotalTestSuites":1,"numTotalTests":7,"openHandles":[],"snapshot":{"added":0,"didUpdate":false,"failure":false,"filesAdded":0,"filesRemoved":0,"filesRemovedList":[],"filesUnmatched":0,"filesUpdated":0,"matched":0,"total":0,"unchecked":0,"uncheckedKeysByFile":[],"unmatched":0,"updated":0},"startTime":1620107685480,"success":true,"testResults":[{"assertionResults":[{"ancestorTitles":["server"],"failureMessages":[],"fullName":"server GET /messages 요청은 200 상태 코드를 응답해야 합니다","location":null,"status":"passed","title":"GET /messages 요청은 200 상태 코드를 응답해야 합니다"},{"ancestorTitles":["server"],"failureMessages":[],"fullName":"server GET /messages 요청은 파싱 가능한 JSON 문자열을 돌려줘야 합니다","location":null,"status":"passed","title":"GET /messages 요청은 파싱 가능한 JSON 문자열을 돌려줘야 합니다"},{"ancestorTitles":["server"],"failureMessages":[],"fullName":"server GET /messages 요청의 응답은 객체의 형태여야 합니다","location":null,"status":"passed","title":"GET /messages 요청의 응답은 객체의 형태여야 합니다"},{"ancestorTitles":["server"],"failureMessages":[],"fullName":"server GET /messages 요청의 응답 객체는 `results`에 배열을 포함해야 합니다","location":null,"status":"passed","title":"GET /messages 요청의 응답 객체는 `results`에 배열을 포함해야 합니다"},{"ancestorTitles":["server"],"failureMessages":[],"fullName":"server 올바른 POST /messages 요청을 처리할 수 있어야 합니다","location":null,"status":"passed","title":"올바른 POST /messages 요청을 처리할 수 있어야 합니다"},{"ancestorTitles":["server"],"failureMessages":[],"fullName":"server GET 요청시, 최근 POST 요청을 통해 제출한 메시지가 결과로 전달되어야 합니다","location":null,"status":"passed","title":"GET 요청시, 최근 POST 요청을 통해 제출한 메시지가 결과로 전달되어야 합니다"},{"ancestorTitles":["server"],"failureMessages":[],"fullName":"server 존재하지 않는 endpoint를 요청할 때에, 404 상태 코드를 응답해야 합니다","location":null,"status":"passed","title":"존재하지 않는 endpoint를 요청할 때에, 404 상태 코드를 응답해야 합니다"}],"endTime":1620107686900,"message":"","name":"/home/yu/바탕화면/CodeStates/im-sprint-chatterbox-server/server/__test__/LiveServerSpec.test.js","startTime":1620107686105,"status":"passed","summary":""}],"wasInterrupted":false}