{"numFailedTestSuites":0,"numFailedTests":0,"numPassedTestSuites":1,"numPassedTests":15,"numPendingTestSuites":0,"numPendingTests":0,"numRuntimeErrorTestSuites":0,"numTodoTests":0,"numTotalTestSuites":1,"numTotalTests":15,"openHandles":[],"snapshot":{"added":0,"didUpdate":false,"failure":false,"filesAdded":0,"filesRemoved":0,"filesRemovedList":[],"filesUnmatched":0,"filesUpdated":0,"matched":0,"total":0,"unchecked":0,"uncheckedKeysByFile":[],"unmatched":0,"updated":0},"startTime":1620632730045,"success":true,"testResults":[{"assertionResults":[{"ancestorTitles":["VideoListEntry"],"failureMessages":[],"fullName":"VideoListEntry 함수 컴포넌트로 작성되어야 합니다","location":null,"status":"passed","title":"함수 컴포넌트로 작성되어야 합니다"},{"ancestorTitles":["VideoListEntry"],"failureMessages":[],"fullName":"VideoListEntry 동적으로 비디오의 썸네일 이미지가 표시되어야 합니다","location":null,"status":"passed","title":"동적으로 비디오의 썸네일 이미지가 표시되어야 합니다"},{"ancestorTitles":["VideoListEntry"],"failureMessages":[],"fullName":"VideoListEntry 동적으로 비디오의 제목이 표시되어야 합니다","location":null,"status":"passed","title":"동적으로 비디오의 제목이 표시되어야 합니다"},{"ancestorTitles":["VideoListEntry"],"failureMessages":[],"fullName":"VideoListEntry 동적으로 비디오의 설명이 표시되어야 합니다","location":null,"status":"passed","title":"동적으로 비디오의 설명이 표시되어야 합니다"},{"ancestorTitles":["VideoList"],"failureMessages":[],"fullName":"VideoList 함수 컴포넌트로 작성되어야 합니다","location":null,"status":"passed","title":"함수 컴포넌트로 작성되어야 합니다"},{"ancestorTitles":["VideoList"],"failureMessages":[],"fullName":"VideoList 하나의 비디오가 주어졌을 때, 하나의 `VideoListEntry` 컴포넌트가 표시되어야 합니다","location":null,"status":"passed","title":"하나의 비디오가 주어졌을 때, 하나의 `VideoListEntry` 컴포넌트가 표시되어야 합니다"},{"ancestorTitles":["VideoList"],"failureMessages":[],"fullName":"VideoList 세개의 비디오가 주어졌을 때, 세개의 `VideoListEntry` 컴포넌트가 표시되어야 합니다","location":null,"status":"passed","title":"세개의 비디오가 주어졌을 때, 세개의 `VideoListEntry` 컴포넌트가 표시되어야 합니다"},{"ancestorTitles":["VideoPlayer"],"failureMessages":[],"fullName":"VideoPlayer 함수 컴포넌트로 작성되어야 합니다","location":null,"status":"passed","title":"함수 컴포넌트로 작성되어야 합니다"},{"ancestorTitles":["VideoPlayer"],"failureMessages":[],"fullName":"VideoPlayer 동적으로 비디오의 썸네일 이미지가 표시되어야 합니다","location":null,"status":"passed","title":"동적으로 비디오의 썸네일 이미지가 표시되어야 합니다"},{"ancestorTitles":["VideoPlayer"],"failureMessages":[],"fullName":"VideoPlayer 동적으로 비디오의 제목이 표시되어야 합니다","location":null,"status":"passed","title":"동적으로 비디오의 제목이 표시되어야 합니다"},{"ancestorTitles":["VideoPlayer"],"failureMessages":[],"fullName":"VideoPlayer 동적으로 비디오의 설명이 표시되어야 합니다","location":null,"status":"passed","title":"동적으로 비디오의 설명이 표시되어야 합니다"},{"ancestorTitles":["App"],"failureMessages":[],"fullName":"App 클래스 컴포넌트로 작성되어야 합니다","location":null,"status":"passed","title":"클래스 컴포넌트로 작성되어야 합니다"},{"ancestorTitles":["App"],"failureMessages":[],"fullName":"App 하나의 VideoPlayer 컴포넌트를 포함합니다","location":null,"status":"passed","title":"하나의 VideoPlayer 컴포넌트를 포함합니다"},{"ancestorTitles":["App"],"failureMessages":[],"fullName":"App 하나의 VideoList 컴포넌트를 포함합니다","location":null,"status":"passed","title":"하나의 VideoList 컴포넌트를 포함합니다"},{"ancestorTitles":["App"],"failureMessages":[],"fullName":"App VideoListEntry의 제목을 클릭하면, VideoPlayer의 비디오가 갱신되어야 합니다","location":null,"status":"passed","title":"VideoListEntry의 제목을 클릭하면, VideoPlayer의 비디오가 갱신되어야 합니다"}],"endTime":1620632731575,"message":"","name":"/home/yu/바탕화면/CodeStates/im-sprint-recast.ly/src/components/__test__/index.test.js","startTime":1620632730678,"status":"passed","summary":""}],"wasInterrupted":false}