{"numFailedTestSuites":0,"numFailedTests":0,"numPassedTestSuites":1,"numPassedTests":25,"numPendingTestSuites":0,"numPendingTests":0,"numRuntimeErrorTestSuites":0,"numTodoTests":0,"numTotalTestSuites":1,"numTotalTests":25,"openHandles":[],"snapshot":{"added":0,"didUpdate":false,"failure":false,"filesAdded":0,"filesRemoved":0,"filesRemovedList":[],"filesUnmatched":0,"filesUpdated":0,"matched":0,"total":0,"unchecked":0,"uncheckedKeysByFile":[],"unmatched":0,"updated":0},"startTime":1620719988938,"success":true,"testResults":[{"assertionResults":[{"ancestorTitles":["VideoListEntry"],"failureMessages":[],"fullName":"VideoListEntry 함수 컴포넌트로 작성되어야 합니다","location":null,"status":"passed","title":"함수 컴포넌트로 작성되어야 합니다"},{"ancestorTitles":["VideoListEntry"],"failureMessages":[],"fullName":"VideoListEntry 동적으로 비디오의 썸네일 이미지가 표시되어야 합니다","location":null,"status":"passed","title":"동적으로 비디오의 썸네일 이미지가 표시되어야 합니다"},{"ancestorTitles":["VideoListEntry"],"failureMessages":[],"fullName":"VideoListEntry 동적으로 비디오의 제목이 표시되어야 합니다","location":null,"status":"passed","title":"동적으로 비디오의 제목이 표시되어야 합니다"},{"ancestorTitles":["VideoListEntry"],"failureMessages":[],"fullName":"VideoListEntry 동적으로 비디오의 설명이 표시되어야 합니다","location":null,"status":"passed","title":"동적으로 비디오의 설명이 표시되어야 합니다"},{"ancestorTitles":["VideoList"],"failureMessages":[],"fullName":"VideoList 함수 컴포넌트로 작성되어야 합니다","location":null,"status":"passed","title":"함수 컴포넌트로 작성되어야 합니다"},{"ancestorTitles":["VideoList"],"failureMessages":[],"fullName":"VideoList 하나의 비디오가 주어졌을 때, 하나의 `VideoListEntry` 컴포넌트가 표시되어야 합니다","location":null,"status":"passed","title":"하나의 비디오가 주어졌을 때, 하나의 `VideoListEntry` 컴포넌트가 표시되어야 합니다"},{"ancestorTitles":["VideoList"],"failureMessages":[],"fullName":"VideoList 세개의 비디오가 주어졌을 때, 세개의 `VideoListEntry` 컴포넌트가 표시되어야 합니다","location":null,"status":"passed","title":"세개의 비디오가 주어졌을 때, 세개의 `VideoListEntry` 컴포넌트가 표시되어야 합니다"},{"ancestorTitles":["VideoPlayer"],"failureMessages":[],"fullName":"VideoPlayer 함수 컴포넌트로 작성되어야 합니다","location":null,"status":"passed","title":"함수 컴포넌트로 작성되어야 합니다"},{"ancestorTitles":["VideoPlayer"],"failureMessages":[],"fullName":"VideoPlayer 동적으로 비디오의 썸네일 이미지가 표시되어야 합니다","location":null,"status":"passed","title":"동적으로 비디오의 썸네일 이미지가 표시되어야 합니다"},{"ancestorTitles":["VideoPlayer"],"failureMessages":[],"fullName":"VideoPlayer 동적으로 비디오의 제목이 표시되어야 합니다","location":null,"status":"passed","title":"동적으로 비디오의 제목이 표시되어야 합니다"},{"ancestorTitles":["VideoPlayer"],"failureMessages":[],"fullName":"VideoPlayer 동적으로 비디오의 설명이 표시되어야 합니다","location":null,"status":"passed","title":"동적으로 비디오의 설명이 표시되어야 합니다"},{"ancestorTitles":["App"],"failureMessages":[],"fullName":"App 클래스 컴포넌트로 작성되어야 합니다","location":null,"status":"passed","title":"클래스 컴포넌트로 작성되어야 합니다"},{"ancestorTitles":["App"],"failureMessages":[],"fullName":"App 하나의 VideoPlayer 컴포넌트를 포함합니다","location":null,"status":"passed","title":"하나의 VideoPlayer 컴포넌트를 포함합니다"},{"ancestorTitles":["App"],"failureMessages":[],"fullName":"App 하나의 VideoList 컴포넌트를 포함합니다","location":null,"status":"passed","title":"하나의 VideoList 컴포넌트를 포함합니다"},{"ancestorTitles":["App"],"failureMessages":[],"fullName":"App VideoListEntry의 제목을 클릭하면, VideoPlayer의 비디오가 갱신되어야 합니다","location":null,"status":"passed","title":"VideoListEntry의 제목을 클릭하면, VideoPlayer의 비디오가 갱신되어야 합니다"},{"ancestorTitles":["Search"],"failureMessages":[],"fullName":"Search 클래스 컴포넌트로 작성되어야 합니다","location":null,"status":"passed","title":"클래스 컴포넌트로 작성되어야 합니다"},{"ancestorTitles":["Search"],"failureMessages":[],"fullName":"Search input box에 입력하는 값을 다루기 위한 상태가 필요합니다 (키 이름은 queryString)","location":null,"status":"passed","title":"input box에 입력하는 값을 다루기 위한 상태가 필요합니다 (키 이름은 queryString)"},{"ancestorTitles":["Search"],"failureMessages":[],"fullName":"Search input box의 입력값이 변경되면, 상태(queryString)가 변경되어야 합니다","location":null,"status":"passed","title":"input box의 입력값이 변경되면, 상태(queryString)가 변경되어야 합니다"},{"ancestorTitles":["Search"],"failureMessages":[],"fullName":"Search button을 클릭하면, 부모 컴포넌트로부터 handleButtonClick props를 통해 전달받은 함수를 실행시켜야 합니다","location":null,"status":"passed","title":"button을 클릭하면, 부모 컴포넌트로부터 handleButtonClick props를 통해 전달받은 함수를 실행시켜야 합니다"},{"ancestorTitles":["Nav"],"failureMessages":[],"fullName":"Nav 부모 컴포넌트로부터 handleButtonClick props를 전달받습니다","location":null,"status":"passed","title":"부모 컴포넌트로부터 handleButtonClick props를 전달받습니다"},{"ancestorTitles":["Nav"],"failureMessages":[],"fullName":"Nav Search 컴포넌트에 handleButtonClick props을 전달합니다","location":null,"status":"passed","title":"Search 컴포넌트에 handleButtonClick props을 전달합니다"},{"ancestorTitles":["App: Part 2"],"failureMessages":[],"fullName":"App: Part 2 비디오를 검색하는 함수(searchVideo)가 존재해야 합니다","location":null,"status":"passed","title":"비디오를 검색하는 함수(searchVideo)가 존재해야 합니다"},{"ancestorTitles":["App: Part 2"],"failureMessages":[],"fullName":"App: Part 2 비디오 검색 후에는 비디오 목록이 최소한 한 개 이상이어야 합니다","location":null,"status":"passed","title":"비디오 검색 후에는 비디오 목록이 최소한 한 개 이상이어야 합니다"},{"ancestorTitles":["App: Part 2"],"failureMessages":[],"fullName":"App: Part 2 Nav 컴포넌트에 searchVideo 메소드를 props로 전달해줘야 합니다","location":null,"status":"passed","title":"Nav 컴포넌트에 searchVideo 메소드를 props로 전달해줘야 합니다"},{"ancestorTitles":["App: Part 2"],"failureMessages":[],"fullName":"App: Part 2 searchVideo에서 setTimeout 대신 AJAX 요청을 해야 합니다 (그 후 응답을 이용해 비디오 목록을 업데이트하세요)","location":null,"status":"passed","title":"searchVideo에서 setTimeout 대신 AJAX 요청을 해야 합니다 (그 후 응답을 이용해 비디오 목록을 업데이트하세요)"}],"endTime":1620719992529,"message":"","name":"/home/yu/바탕화면/im-sprint-recast.ly-ajax/src/components/__test__/index.test.js","startTime":1620719989967,"status":"passed","summary":""}],"wasInterrupted":false}